<?xml version="1.0" encoding="UTF-8"?>
<!-- Generated by org.testng.reporters.JUnitReportReporter -->
<testsuite skipped="0" hostname="DESKTOP-FGVV9N0" name="com.test.runner.ZooplaRunner" tests="1" failures="0" timestamp="02 Aug 2020 14:27:50 GMT" time="27.478" errors="0">
  <testcase name="runScenario" time="27.478" classname="com.test.runner.ZooplaRunner"/>
</testsuite> <!-- com.test.runner.ZooplaRunner -->
