<?xml version="1.0" encoding="UTF-8"?>
<!-- Generated by org.testng.reporters.JUnitReportReporter -->
<testsuite skipped="0" hostname="DESKTOP-FGVV9N0" name="com.test.runner.ZooplaRunner" tests="1" failures="0" timestamp="11 Aug 2020 00:35:08 GMT" time="25.864" errors="0">
  <testcase name="runScenario" time="25.864" classname="com.test.runner.ZooplaRunner"/>
</testsuite> <!-- com.test.runner.ZooplaRunner -->
